<?xml version="1.0" encoding="UTF-8"?>
<!-- Generated by org.testng.reporters.JUnitXMLReporter -->
<testsuite hostname="D-113063535" ignored="0" name="Default test" tests="5" failures="0" timestamp="12 Feb 2018 12:45:13 GMT" time="51.956" errors="0">
  <testcase name="openApp" time="1.985" classname="Com.OpenCart.Testcases.OpenCart_RegestrationTest"/>
  <testcase name="registration" time="5.336" classname="Com.OpenCart.Testcases.OpenCart_RegestrationTest"/>
  <testcase name="reviewProd" time="16.671" classname="Com.OpenCart.Testcases.OpenCart_RegestrationTest"/>
  <testcase name="reviewProd" time="11.85" classname="Com.OpenCart.Testcases.OpenCart_RegestrationTest"/>
  <testcase name="addToWishList" time="11.362" classname="Com.OpenCart.Testcases.OpenCart_RegestrationTest"/>
</testsuite> <!-- Default test -->
