<?xml version="1.0" encoding="UTF-8"?>
<!-- Generated by org.testng.reporters.JUnitXMLReporter -->
<testsuite hostname="D-113063535" ignored="0" name="Test" tests="5" failures="0" timestamp="12 Feb 2018 12:50:21 GMT" time="55.674" errors="0">
  <testcase name="openApp" time="2.79" classname="Com.OpenCart.Testcases.OpenCart_RegestrationTest"/>
  <testcase name="registration" time="5.478" classname="Com.OpenCart.Testcases.OpenCart_RegestrationTest"/>
  <testcase name="reviewProd" time="21.995" classname="Com.OpenCart.Testcases.OpenCart_RegestrationTest"/>
  <testcase name="reviewProd" time="9.687" classname="Com.OpenCart.Testcases.OpenCart_RegestrationTest"/>
  <testcase name="addToWishList" time="11.363" classname="Com.OpenCart.Testcases.OpenCart_RegestrationTest"/>
</testsuite> <!-- Test -->
