<?xml version="1.0" encoding="UTF-8"?>
<!-- Generated by org.testng.reporters.JUnitXMLReporter -->
<testsuite hostname="D-113063535" ignored="0" name="Test2" tests="4" failures="0" timestamp="19 Feb 2018 13:20:53 GMT" time="1.069" errors="0">
  <testcase name="@BeforeTest intialize" time="0.0" classname="Com.OpenCart.Testcases.OpenCart_RegestrationTest2">
    <failure type="org.openqa.selenium.remote.UnreachableBrowserException" message="Could not start a new session. Possible causes are invalid address of the remote server or browser start-up failure.
Build info: version: &amp;apos;3.6.0&amp;apos;, revision: &amp;apos;6fbf3ec767&amp;apos;, time: &amp;apos;2017-09-27T15:28:36.4Z&amp;apos;
System info: host: &amp;apos;D-113063535&amp;apos;, ip: &amp;apos;10.159.34.191&amp;apos;, os.name: &amp;apos;Windows 10&amp;apos;, os.arch: &amp;apos;amd64&amp;apos;, os.version: &amp;apos;10.0&amp;apos;, java.version: &amp;apos;1.8.0_131&amp;apos;
Driver info: driver.version: RemoteWebDriver">
      <![CDATA[org.openqa.selenium.remote.UnreachableBrowserException: Could not start a new session. Possible causes are invalid address of the remote server or browser start-up failure.
Build info: version: '3.6.0', revision: '6fbf3ec767', time: '2017-09-27T15:28:36.4Z'
System info: host: 'D-113063535', ip: '10.159.34.191', os.name: 'Windows 10', os.arch: 'amd64', os.version: '10.0', java.version: '1.8.0_131'
Driver info: driver.version: RemoteWebDriver
	at org.openqa.selenium.remote.RemoteWebDriver.execute(RemoteWebDriver.java:607)
	at org.openqa.selenium.remote.RemoteWebDriver.startSession(RemoteWebDriver.java:217)
	at org.openqa.selenium.remote.RemoteWebDriver.<init>(RemoteWebDriver.java:140)
	at org.openqa.selenium.remote.RemoteWebDriver.<init>(RemoteWebDriver.java:153)
	at Com.OpenCart.Testcases.OpenCart_RegestrationTest2.intialize(OpenCart_RegestrationTest2.java:79)
Caused by: org.apache.http.conn.HttpHostConnectException: Connect to 10.159.34.191:4444 [/10.159.34.191] failed: Connection refused: connect
	at org.apache.http.impl.conn.DefaultHttpClientConnectionOperator.connect(DefaultHttpClientConnectionOperator.java:159)
	at org.apache.http.impl.conn.PoolingHttpClientConnectionManager.connect(PoolingHttpClientConnectionManager.java:359)
	at org.apache.http.impl.execchain.MainClientExec.establishRoute(MainClientExec.java:381)
	at org.apache.http.impl.execchain.MainClientExec.execute(MainClientExec.java:237)
	at org.apache.http.impl.execchain.ProtocolExec.execute(ProtocolExec.java:185)
	at org.apache.http.impl.execchain.RetryExec.execute(RetryExec.java:89)
	at org.apache.http.impl.execchain.RedirectExec.execute(RedirectExec.java:111)
	at org.apache.http.impl.client.InternalHttpClient.doExecute(InternalHttpClient.java:185)
	at org.apache.http.impl.client.CloseableHttpClient.execute(CloseableHttpClient.java:72)
	at org.apache.http.impl.client.CloseableHttpClient.execute(CloseableHttpClient.java:56)
	at org.openqa.selenium.remote.internal.ApacheHttpClient.fallBackExecute(ApacheHttpClient.java:138)
	at org.openqa.selenium.remote.internal.ApacheHttpClient.execute(ApacheHttpClient.java:86)
	at org.openqa.selenium.remote.ProtocolHandshake.createSession(ProtocolHandshake.java:337)
	at org.openqa.selenium.remote.ProtocolHandshake.createSession(ProtocolHandshake.java:136)
	at org.openqa.selenium.remote.HttpCommandExecutor.execute(HttpCommandExecutor.java:142)
	at org.openqa.selenium.remote.RemoteWebDriver.execute(RemoteWebDriver.java:586)
	... 27 more
Caused by: java.net.ConnectException: Connection refused: connect
	at java.net.DualStackPlainSocketImpl.waitForConnect(Native Method)
	at java.net.DualStackPlainSocketImpl.socketConnect(Unknown Source)
	at java.net.AbstractPlainSocketImpl.doConnect(Unknown Source)
	at java.net.AbstractPlainSocketImpl.connectToAddress(Unknown Source)
	at java.net.AbstractPlainSocketImpl.connect(Unknown Source)
	at java.net.PlainSocketImpl.connect(Unknown Source)
	at java.net.SocksSocketImpl.connect(Unknown Source)
	at java.net.Socket.connect(Unknown Source)
	at org.apache.http.conn.socket.PlainConnectionSocketFactory.connectSocket(PlainConnectionSocketFactory.java:75)
	at org.apache.http.impl.conn.DefaultHttpClientConnectionOperator.connect(DefaultHttpClientConnectionOperator.java:142)
	... 42 more
... Removed 23 stack frames]]>
    </failure>
  </testcase> <!-- @BeforeTest intialize -->
  <testcase name="@BeforeClass initializeReport" time="0.0" classname="Com.OpenCart.ExtendReports.ExtentReportsBaseClass">
    <skipped/>
  </testcase> <!-- @BeforeClass initializeReport -->
  <testcase name="@AfterMethod getResult" time="0.0" classname="Com.OpenCart.ExtendReports.ExtentReportsBaseClass">
    <skipped/>
  </testcase> <!-- @AfterMethod getResult -->
  <testcase name="@AfterClass endReport" time="0.0" classname="Com.OpenCart.ExtendReports.ExtentReportsBaseClass">
    <skipped/>
  </testcase> <!-- @AfterClass endReport -->
  <testcase name="openApp" time="0.016" classname="Com.OpenCart.Testcases.OpenCart_RegestrationTest2">
    <skipped/>
  </testcase> <!-- openApp -->
  <testcase name="registration" time="0.0" classname="Com.OpenCart.Testcases.OpenCart_RegestrationTest2">
    <skipped/>
  </testcase> <!-- registration -->
  <testcase name="reviewProd" time="0.0" classname="Com.OpenCart.Testcases.OpenCart_RegestrationTest2">
    <skipped/>
  </testcase> <!-- reviewProd -->
  <testcase name="addToWishList" time="0.0" classname="Com.OpenCart.Testcases.OpenCart_RegestrationTest2">
    <skipped/>
  </testcase> <!-- addToWishList -->
</testsuite> <!-- Test2 -->
