<?xml version="1.0" encoding="UTF-8"?>
<testng-results skipped="0" failed="0" ignored="0" total="5" passed="5">
  <reporter-output>
  </reporter-output>
  <suite name="Suite" duration-ms="55674" started-at="2018-02-12T12:49:26Z" finished-at="2018-02-12T12:50:21Z">
    <groups>
    </groups>
    <test name="Test" duration-ms="55674" started-at="2018-02-12T12:49:26Z" finished-at="2018-02-12T12:50:21Z">
      <class name="Com.OpenCart.Testcases.OpenCart_RegestrationTest">
        <test-method status="PASS" signature="initializeReport()[pri:0, instance:Com.OpenCart.Testcases.OpenCart_RegestrationTest@4501b7af]" name="initializeReport" is-config="true" duration-ms="149" started-at="2018-02-12T18:19:26Z" finished-at="2018-02-12T18:19:26Z">
          <reporter-output>
          </reporter-output>
        </test-method> <!-- initializeReport -->
        <test-method status="PASS" signature="intialize()[pri:0, instance:Com.OpenCart.Testcases.OpenCart_RegestrationTest@4501b7af]" name="intialize" is-config="true" duration-ms="3372" started-at="2018-02-12T18:19:26Z" finished-at="2018-02-12T18:19:29Z">
          <reporter-output>
          </reporter-output>
        </test-method> <!-- intialize -->
        <test-method status="PASS" signature="openApp()[pri:0, instance:Com.OpenCart.Testcases.OpenCart_RegestrationTest@4501b7af]" name="openApp" duration-ms="2790" started-at="2018-02-12T18:19:29Z" description="Launch openCart application" finished-at="2018-02-12T18:19:32Z">
          <reporter-output>
          </reporter-output>
        </test-method> <!-- openApp -->
        <test-method status="PASS" signature="getResult(org.testng.ITestResult)[pri:0, instance:Com.OpenCart.Testcases.OpenCart_RegestrationTest@4501b7af]" name="getResult" is-config="true" duration-ms="3" started-at="2018-02-12T18:19:32Z" finished-at="2018-02-12T18:19:32Z">
          <params>
            <param index="0">
              <value>
                <![CDATA[[TestResult name=openApp status=SUCCESS method=OpenCart_RegestrationTest.openApp()[pri:0, instance:Com.OpenCart.Testcases.OpenCart_RegestrationTest@4501b7af] output={null}]]]>
              </value>
            </param>
          </params>
          <reporter-output>
          </reporter-output>
        </test-method> <!-- getResult -->
        <test-method status="PASS" signature="registration(java.lang.String, java.lang.String, java.lang.String, java.lang.String, java.lang.String, java.lang.String, java.lang.String, java.lang.String, java.lang.String, java.lang.String, java.lang.String, java.lang.String, java.lang.String, java.lang.String, java.lang.String)[pri:0, instance:Com.OpenCart.Testcases.OpenCart_RegestrationTest@4501b7af]" name="registration" duration-ms="5478" started-at="2018-02-12T18:19:33Z" data-provider="Mydatprovide" depends-on-methods="Com.OpenCart.Testcases.OpenCart_RegestrationTest.openApp" finished-at="2018-02-12T18:19:38Z">
          <params>
            <param index="0">
              <value>
                <![CDATA[vinay]]>
              </value>
            </param>
            <param index="1">
              <value>
                <![CDATA[kona]]>
              </value>
            </param>
            <param index="2">
              <value>
                <![CDATA[vinaykona@gmail.com]]>
              </value>
            </param>
            <param index="3">
              <value>
                <![CDATA[9000788667]]>
              </value>
            </param>
            <param index="4">
              <value>
                <![CDATA[5425]]>
              </value>
            </param>
            <param index="5">
              <value>
                <![CDATA[wipro]]>
              </value>
            </param>
            <param index="6">
              <value>
                <![CDATA[2345]]>
              </value>
            </param>
            <param index="7">
              <value>
                <![CDATA[blueraod]]>
              </value>
            </param>
            <param index="8">
              <value>
                <![CDATA[navystreet]]>
              </value>
            </param>
            <param index="9">
              <value>
                <![CDATA[hyderabad]]>
              </value>
            </param>
            <param index="10">
              <value>
                <![CDATA[500019]]>
              </value>
            </param>
            <param index="11">
              <value>
                <![CDATA[India]]>
              </value>
            </param>
            <param index="12">
              <value>
                <![CDATA[Goa]]>
              </value>
            </param>
            <param index="13">
              <value>
                <![CDATA[Vinay@24]]>
              </value>
            </param>
            <param index="14">
              <value>
                <![CDATA[Vinay@24]]>
              </value>
            </param>
          </params>
          <reporter-output>
          </reporter-output>
        </test-method> <!-- registration -->
        <test-method status="PASS" signature="getResult(org.testng.ITestResult)[pri:0, instance:Com.OpenCart.Testcases.OpenCart_RegestrationTest@4501b7af]" name="getResult" is-config="true" duration-ms="1" started-at="2018-02-12T18:19:38Z" finished-at="2018-02-12T18:19:38Z">
          <params>
            <param index="0">
              <value>
                <![CDATA[[TestResult name=registration status=SUCCESS method=OpenCart_RegestrationTest.registration(java.lang.String, java.lang.String, java.lang.String, java.lang.String, java.lang.String, java.lang.String, java.lang.String, java.lang.String, java.lang.String, java.lang.String, java.lang.String, java.lang.String, java.lang.String, java.lang.String, java.lang.String)[pri:0, instance:Com.OpenCart.Testcases.OpenCart_RegestrationTest@4501b7af] output={null}]]]>
              </value>
            </param>
          </params>
          <reporter-output>
          </reporter-output>
        </test-method> <!-- getResult -->
        <test-method status="PASS" signature="reviewProd(java.lang.String, java.lang.String, java.lang.String)[pri:0, instance:Com.OpenCart.Testcases.OpenCart_RegestrationTest@4501b7af]" name="reviewProd" duration-ms="21995" started-at="2018-02-12T18:19:38Z" data-provider="Reviewproduct" depends-on-methods="Com.OpenCart.Testcases.OpenCart_RegestrationTest.registration" finished-at="2018-02-12T18:20:00Z">
          <params>
            <param index="0">
              <value>
                <![CDATA[Amala]]>
              </value>
            </param>
            <param index="1">
              <value>
                <![CDATA[2]]>
              </value>
            </param>
            <param index="2">
              <value>
                <![CDATA[Good]]>
              </value>
            </param>
          </params>
          <reporter-output>
          </reporter-output>
        </test-method> <!-- reviewProd -->
        <test-method status="PASS" signature="getResult(org.testng.ITestResult)[pri:0, instance:Com.OpenCart.Testcases.OpenCart_RegestrationTest@4501b7af]" name="getResult" is-config="true" duration-ms="1" started-at="2018-02-12T18:20:00Z" finished-at="2018-02-12T18:20:00Z">
          <params>
            <param index="0">
              <value>
                <![CDATA[[TestResult name=reviewProd status=SUCCESS method=OpenCart_RegestrationTest.reviewProd(java.lang.String, java.lang.String, java.lang.String)[pri:0, instance:Com.OpenCart.Testcases.OpenCart_RegestrationTest@4501b7af] output={null}]]]>
              </value>
            </param>
          </params>
          <reporter-output>
          </reporter-output>
        </test-method> <!-- getResult -->
        <test-method status="PASS" signature="reviewProd(java.lang.String, java.lang.String, java.lang.String)[pri:0, instance:Com.OpenCart.Testcases.OpenCart_RegestrationTest@4501b7af]" name="reviewProd" duration-ms="9687" started-at="2018-02-12T18:20:00Z" data-provider="Reviewproduct" depends-on-methods="Com.OpenCart.Testcases.OpenCart_RegestrationTest.registration" finished-at="2018-02-12T18:20:10Z">
          <params>
            <param index="0">
              <value>
                <![CDATA[Kamal]]>
              </value>
            </param>
            <param index="1">
              <value>
                <![CDATA[3]]>
              </value>
            </param>
            <param index="2">
              <value>
                <![CDATA[kona vinay dhhdshhdhdhhdhsalsjghkdjsfghfdkhjk]]>
              </value>
            </param>
          </params>
          <reporter-output>
          </reporter-output>
        </test-method> <!-- reviewProd -->
        <test-method status="PASS" signature="getResult(org.testng.ITestResult)[pri:0, instance:Com.OpenCart.Testcases.OpenCart_RegestrationTest@4501b7af]" name="getResult" is-config="true" duration-ms="1" started-at="2018-02-12T18:20:10Z" finished-at="2018-02-12T18:20:10Z">
          <params>
            <param index="0">
              <value>
                <![CDATA[[TestResult name=reviewProd status=SUCCESS method=OpenCart_RegestrationTest.reviewProd(java.lang.String, java.lang.String, java.lang.String)[pri:0, instance:Com.OpenCart.Testcases.OpenCart_RegestrationTest@4501b7af] output={null}]]]>
              </value>
            </param>
          </params>
          <reporter-output>
          </reporter-output>
        </test-method> <!-- getResult -->
        <test-method status="PASS" signature="addToWishList()[pri:0, instance:Com.OpenCart.Testcases.OpenCart_RegestrationTest@4501b7af]" name="addToWishList" duration-ms="11363" started-at="2018-02-12T18:20:10Z" description="add to Wish list" depends-on-methods="Com.OpenCart.Testcases.OpenCart_RegestrationTest.reviewProd" finished-at="2018-02-12T18:20:21Z">
          <reporter-output>
          </reporter-output>
        </test-method> <!-- addToWishList -->
        <test-method status="PASS" signature="getResult(org.testng.ITestResult)[pri:0, instance:Com.OpenCart.Testcases.OpenCart_RegestrationTest@4501b7af]" name="getResult" is-config="true" duration-ms="0" started-at="2018-02-12T18:20:21Z" finished-at="2018-02-12T18:20:21Z">
          <params>
            <param index="0">
              <value>
                <![CDATA[[TestResult name=addToWishList status=SUCCESS method=OpenCart_RegestrationTest.addToWishList()[pri:0, instance:Com.OpenCart.Testcases.OpenCart_RegestrationTest@4501b7af] output={null}]]]>
              </value>
            </param>
          </params>
          <reporter-output>
          </reporter-output>
        </test-method> <!-- getResult -->
        <test-method status="PASS" signature="endReport()[pri:0, instance:Com.OpenCart.Testcases.OpenCart_RegestrationTest@4501b7af]" name="endReport" is-config="true" duration-ms="281" started-at="2018-02-12T18:20:21Z" finished-at="2018-02-12T18:20:21Z">
          <reporter-output>
          </reporter-output>
        </test-method> <!-- endReport -->
      </class> <!-- Com.OpenCart.Testcases.OpenCart_RegestrationTest -->
    </test> <!-- Test -->
  </suite> <!-- Suite -->
</testng-results>
